[0.012s] Invoking command in '/home/thor/ros2_ws/build/image_pubsub': CMAKE_PREFIX_PATH=${CMAKE_PREFIX_PATH}:/opt/ros/jazzy DEBUGINFOD_URLS=https://debuginfod.ubuntu.com /usr/bin/cmake /home/thor/ros2_ws/src/image_pubsub -DCMAKE_INSTALL_PREFIX=/home/thor/ros2_ws/install/image_pubsub
[0.082s] -- The C compiler identification is GNU 13.3.0
[0.149s] -- The CXX compiler identification is GNU 13.3.0
[0.172s] -- Detecting C compiler ABI info
[0.298s] -- Detecting C compiler ABI info - done
[0.306s] -- Check for working C compiler: /usr/bin/cc - skipped
[0.306s] -- Detecting C compile features
[0.306s] -- Detecting C compile features - done
[0.321s] -- Detecting CXX compiler ABI info
[0.457s] -- Detecting CXX compiler ABI info - done
[0.465s] -- Check for working CXX compiler: /usr/bin/c++ - skipped
[0.466s] -- Detecting CXX compile features
[0.466s] -- Detecting CXX compile features - done
[0.470s] -- Found ament_cmake: 2.5.4 (/opt/ros/jazzy/share/ament_cmake/cmake)
[0.633s] -- Found Python3: /usr/bin/python3 (found version "3.12.3") found components: Interpreter 
[0.746s] -- Found rclcpp: 28.1.13 (/opt/ros/jazzy/share/rclcpp/cmake)
[0.790s] -- Found rosidl_generator_c: 4.6.6 (/opt/ros/jazzy/share/rosidl_generator_c/cmake)
[0.805s] -- Found rosidl_generator_cpp: 4.6.6 (/opt/ros/jazzy/share/rosidl_generator_cpp/cmake)
[0.822s] -- Using all available rosidl_typesupport_c: rosidl_typesupport_fastrtps_c;rosidl_typesupport_introspection_c
[0.841s] -- Using all available rosidl_typesupport_cpp: rosidl_typesupport_fastrtps_cpp;rosidl_typesupport_introspection_cpp
[0.919s] -- Found rmw_implementation_cmake: 7.3.2 (/opt/ros/jazzy/share/rmw_implementation_cmake/cmake)
[0.922s] -- Found rmw_fastrtps_cpp: 8.4.3 (/opt/ros/jazzy/share/rmw_fastrtps_cpp/cmake)
[1.032s] -- Found OpenSSL: /usr/lib/x86_64-linux-gnu/libcrypto.so (found version "3.0.13")  
[1.052s] -- Found FastRTPS: /opt/ros/jazzy/include (Required is at least version "2.13") 
[1.076s] -- Using RMW implementation 'rmw_fastrtps_cpp' as default
[1.153s] -- Found sensor_msgs: 5.3.6 (/opt/ros/jazzy/share/sensor_msgs/cmake)
[1.215s] -- Found cv_bridge: 4.1.0 (/opt/ros/jazzy/share/cv_bridge/cmake)
[1.229s] -- Found image_transport: 5.1.7 (/opt/ros/jazzy/share/image_transport/cmake)
[1.258s] -- Found OpenCV: /usr (found version "4.6.0") 
[1.345s] -- Configuring done (1.3s)
[1.369s] -- Generating done (0.0s)
[1.374s] -- Build files have been written to: /home/thor/ros2_ws/build/image_pubsub
[1.388s] Invoked command in '/home/thor/ros2_ws/build/image_pubsub' returned '0': CMAKE_PREFIX_PATH=${CMAKE_PREFIX_PATH}:/opt/ros/jazzy DEBUGINFOD_URLS=https://debuginfod.ubuntu.com /usr/bin/cmake /home/thor/ros2_ws/src/image_pubsub -DCMAKE_INSTALL_PREFIX=/home/thor/ros2_ws/install/image_pubsub
[1.389s] Invoking command in '/home/thor/ros2_ws/build/image_pubsub': CMAKE_PREFIX_PATH=${CMAKE_PREFIX_PATH}:/opt/ros/jazzy DEBUGINFOD_URLS=https://debuginfod.ubuntu.com /usr/bin/cmake --build /home/thor/ros2_ws/build/image_pubsub -- -j4 -l4
[1.463s] [ 25%] [32mBuilding CXX object CMakeFiles/webcam_publisher.dir/src/webcam_publisher.cpp.o[0m
[1.464s] [ 50%] [32mBuilding CXX object CMakeFiles/image_subscriber.dir/src/image_subscriber.cpp.o[0m
[1.777s] [01m[K/home/thor/ros2_ws/src/image_pubsub/src/image_subscriber.cpp:6:10:[m[K [01;31m[Kfatal error: [m[Kcv_bridge/cv_bridge.h: No such file or directory
[1.777s]     6 | #include [01;31m[K"cv_bridge/cv_bridge.h"[m[K
[1.777s]       |          [01;31m[K^~~~~~~~~~~~~~~~~~~~~~~[m[K
[1.777s] compilation terminated.
[1.780s] [01m[K/home/thor/ros2_ws/src/image_pubsub/src/webcam_publisher.cpp:7:10:[m[K [01;31m[Kfatal error: [m[Kcv_bridge/cv_bridge.h: No such file or directory
[1.780s]     7 | #include [01;31m[K"cv_bridge/cv_bridge.h"[m[K
[1.780s]       |          [01;31m[K^~~~~~~~~~~~~~~~~~~~~~~[m[K
[1.780s] compilation terminated.
[1.782s] gmake[2]: *** [CMakeFiles/webcam_publisher.dir/build.make:76: CMakeFiles/webcam_publisher.dir/src/webcam_publisher.cpp.o] Error 1
[1.783s] gmake[1]: *** [CMakeFiles/Makefile2:139: CMakeFiles/webcam_publisher.dir/all] Error 2
[1.783s] gmake[1]: *** Waiting for unfinished jobs....
[1.783s] gmake[2]: *** [CMakeFiles/image_subscriber.dir/build.make:76: CMakeFiles/image_subscriber.dir/src/image_subscriber.cpp.o] Error 1
[1.784s] gmake[1]: *** [CMakeFiles/Makefile2:165: CMakeFiles/image_subscriber.dir/all] Error 2
[1.784s] gmake: *** [Makefile:146: all] Error 2
[1.789s] Invoked command in '/home/thor/ros2_ws/build/image_pubsub' returned '2': CMAKE_PREFIX_PATH=${CMAKE_PREFIX_PATH}:/opt/ros/jazzy DEBUGINFOD_URLS=https://debuginfod.ubuntu.com /usr/bin/cmake --build /home/thor/ros2_ws/build/image_pubsub -- -j4 -l4
