[0.014s] Invoking command in '/home/thor/ros2_ws/build/cpp_pubsub': CMAKE_PREFIX_PATH=${CMAKE_PREFIX_PATH}:/opt/ros/jazzy DEBUGINFOD_URLS=https://debuginfod.ubuntu.com /usr/bin/cmake --build /home/thor/ros2_ws/build/cpp_pubsub -- -j4 -l4
[0.046s] -- Found ament_cmake: 2.5.4 (/opt/ros/jazzy/share/ament_cmake/cmake)
[0.255s] -- Found rclcpp: 28.1.13 (/opt/ros/jazzy/share/rclcpp/cmake)
[0.282s] -- Found rosidl_generator_c: 4.6.6 (/opt/ros/jazzy/share/rosidl_generator_c/cmake)
[0.291s] -- Found rosidl_generator_cpp: 4.6.6 (/opt/ros/jazzy/share/rosidl_generator_cpp/cmake)
[0.301s] -- Using all available rosidl_typesupport_c: rosidl_typesupport_fastrtps_c;rosidl_typesupport_introspection_c
[0.314s] -- Using all available rosidl_typesupport_cpp: rosidl_typesupport_fastrtps_cpp;rosidl_typesupport_introspection_cpp
[0.373s] -- Found rmw_implementation_cmake: 7.3.2 (/opt/ros/jazzy/share/rmw_implementation_cmake/cmake)
[0.374s] -- Found rmw_fastrtps_cpp: 8.4.3 (/opt/ros/jazzy/share/rmw_fastrtps_cpp/cmake)
[0.443s] -- Using RMW implementation 'rmw_fastrtps_cpp' as default
[0.504s] -- Found std_msgs: 5.3.6 (/opt/ros/jazzy/share/std_msgs/cmake)
[0.520s] -- Found sensor_msgs: 5.3.6 (/opt/ros/jazzy/share/sensor_msgs/cmake)
[0.563s] -- Found cv_bridge: 4.1.0 (/opt/ros/jazzy/share/cv_bridge/cmake)
[0.579s] -- Found OpenCV: /usr (found version "4.6.0") 
[0.664s] -- Configuring done (0.6s)
[0.688s] -- Generating done (0.0s)
[0.694s] -- Build files have been written to: /home/thor/ros2_ws/build/cpp_pubsub
[0.745s] [ 50%] [32mBuilding CXX object CMakeFiles/image_publisher.dir/src/minimal_publisher.cpp.o[0m
[0.745s] [ 50%] [32mBuilding CXX object CMakeFiles/image_subscriber.dir/src/minimal_subscriber.cpp.o[0m
[1.050s] [01m[K/home/thor/ros2_ws/src/cpp_pubsub/src/minimal_subscriber.cpp:4:10:[m[K [01;31m[Kfatal error: [m[Kcv_bridge/cv_bridge.h: No such file or directory
[1.050s]     4 | #include [01;31m[K"cv_bridge/cv_bridge.h"[m[K
[1.050s]       |          [01;31m[K^~~~~~~~~~~~~~~~~~~~~~~[m[K
[1.050s] compilation terminated.
[1.053s] gmake[2]: *** [CMakeFiles/image_subscriber.dir/build.make:76: CMakeFiles/image_subscriber.dir/src/minimal_subscriber.cpp.o] Error 1
[1.054s] [01m[K/home/thor/ros2_ws/src/cpp_pubsub/src/minimal_publisher.cpp:4:10:[m[K [01;31m[Kfatal error: [m[Kcv_bridge/cv_bridge.h: No such file or directory
[1.054s]     4 | #include [01;31m[K"cv_bridge/cv_bridge.h"[m[K
[1.054s]       |          [01;31m[K^~~~~~~~~~~~~~~~~~~~~~~[m[K
[1.054s] compilation terminated.
[1.054s] gmake[1]: *** [CMakeFiles/Makefile2:165: CMakeFiles/image_subscriber.dir/all] Error 2
[1.054s] gmake[1]: *** Waiting for unfinished jobs....
[1.058s] gmake[2]: *** [CMakeFiles/image_publisher.dir/build.make:76: CMakeFiles/image_publisher.dir/src/minimal_publisher.cpp.o] Error 1
[1.059s] gmake[1]: *** [CMakeFiles/Makefile2:139: CMakeFiles/image_publisher.dir/all] Error 2
[1.059s] gmake: *** [Makefile:146: all] Error 2
[1.063s] Invoked command in '/home/thor/ros2_ws/build/cpp_pubsub' returned '2': CMAKE_PREFIX_PATH=${CMAKE_PREFIX_PATH}:/opt/ros/jazzy DEBUGINFOD_URLS=https://debuginfod.ubuntu.com /usr/bin/cmake --build /home/thor/ros2_ws/build/cpp_pubsub -- -j4 -l4
